0 info it worked if it ends with ok
1 verbose cli [ '/usr/bin/node',
1 verbose cli   '/usr/bin/npm',
1 verbose cli   'install',
1 verbose cli   '-g',
1 verbose cli   'grunt',
1 verbose cli   'bower' ]
2 info using npm@1.4.28
3 info using node@v0.10.37
4 verbose node symlink /usr/bin/node
5 verbose cache add [ 'grunt', null ]
6 verbose cache add name=undefined spec="grunt" args=["grunt",null]
7 verbose parsed url { protocol: null,
7 verbose parsed url   slashes: null,
7 verbose parsed url   auth: null,
7 verbose parsed url   host: null,
7 verbose parsed url   port: null,
7 verbose parsed url   hostname: null,
7 verbose parsed url   hash: null,
7 verbose parsed url   search: null,
7 verbose parsed url   query: null,
7 verbose parsed url   pathname: 'grunt',
7 verbose parsed url   path: 'grunt',
7 verbose parsed url   href: 'grunt' }
8 verbose cache add [ 'bower', null ]
9 verbose cache add name=undefined spec="bower" args=["bower",null]
10 verbose parsed url { protocol: null,
10 verbose parsed url   slashes: null,
10 verbose parsed url   auth: null,
10 verbose parsed url   host: null,
10 verbose parsed url   port: null,
10 verbose parsed url   hostname: null,
10 verbose parsed url   hash: null,
10 verbose parsed url   search: null,
10 verbose parsed url   query: null,
10 verbose parsed url   pathname: 'bower',
10 verbose parsed url   path: 'bower',
10 verbose parsed url   href: 'bower' }
11 silly lockFile 20ff3fd8-grunt grunt
12 verbose lock grunt /home/vagrant/.npm/20ff3fd8-grunt.lock
13 silly lockFile 206e3ce5-bower bower
14 verbose lock bower /home/vagrant/.npm/206e3ce5-bower.lock
15 silly lockFile 20ff3fd8-grunt grunt
16 silly lockFile 20ff3fd8-grunt grunt
17 silly lockFile 206e3ce5-bower bower
18 silly lockFile 206e3ce5-bower bower
19 verbose addNamed [ 'grunt', '' ]
20 verbose addNamed [ null, '*' ]
21 silly lockFile 55f1ff24-grunt grunt@
22 verbose lock grunt@ /home/vagrant/.npm/55f1ff24-grunt.lock
23 verbose addNamed [ 'bower', '' ]
24 verbose addNamed [ null, '*' ]
25 silly lockFile 1240aab1-bower bower@
26 verbose lock bower@ /home/vagrant/.npm/1240aab1-bower.lock
27 silly addNameRange { name: 'grunt', range: '*', hasData: false }
28 silly addNameRange { name: 'bower', range: '*', hasData: false }
29 verbose request where is /grunt
30 verbose request registry https://registry.npmjs.org/
31 verbose request id 4c631e583cabeb9e
32 verbose url raw /grunt
33 verbose url resolving [ 'https://registry.npmjs.org/', './grunt' ]
34 verbose url resolved https://registry.npmjs.org/grunt
35 verbose request where is https://registry.npmjs.org/grunt
36 info trying registry request attempt 1 at 09:56:00
37 http GET https://registry.npmjs.org/grunt
38 verbose request where is /bower
39 verbose request registry https://registry.npmjs.org/
40 verbose url raw /bower
41 verbose url resolving [ 'https://registry.npmjs.org/', './bower' ]
42 verbose url resolved https://registry.npmjs.org/bower
43 verbose request where is https://registry.npmjs.org/bower
44 info trying registry request attempt 1 at 09:56:00
45 http GET https://registry.npmjs.org/bower
46 http 200 https://registry.npmjs.org/grunt
47 silly registry.get cb [ 200,
47 silly registry.get   { server: 'CouchDB/1.5.0 (Erlang OTP/R16B03)',
47 silly registry.get     etag: '"1CXAI2RBDWKXI3PG2ZGZ6108Y"',
47 silly registry.get     'content-type': 'application/json',
47 silly registry.get     'content-encoding': 'gzip',
47 silly registry.get     'cache-control': 'max-age=300',
47 silly registry.get     'content-length': '13316',
47 silly registry.get     'accept-ranges': 'bytes',
47 silly registry.get     date: 'Tue, 08 Nov 2016 09:56:00 GMT',
47 silly registry.get     via: '1.1 varnish',
47 silly registry.get     age: '266',
47 silly registry.get     connection: 'keep-alive',
47 silly registry.get     'x-served-by': 'cache-fra1233-FRA',
47 silly registry.get     'x-cache': 'HIT',
47 silly registry.get     'x-cache-hits': '9',
47 silly registry.get     'x-timer': 'S1478598960.555828,VS0,VE0',
47 silly registry.get     vary: 'Accept-Encoding' } ]
48 silly addNameRange number 2 { name: 'grunt', range: '*', hasData: true }
49 silly addNameRange versions [ 'grunt',
49 silly addNameRange   [ '0.1.0',
49 silly addNameRange     '0.1.1',
49 silly addNameRange     '0.1.2',
49 silly addNameRange     '0.2.0',
49 silly addNameRange     '0.2.1',
49 silly addNameRange     '0.2.2',
49 silly addNameRange     '0.2.3',
49 silly addNameRange     '0.2.4',
49 silly addNameRange     '0.2.5',
49 silly addNameRange     '0.2.6',
49 silly addNameRange     '0.2.7',
49 silly addNameRange     '0.2.8',
49 silly addNameRange     '0.2.9',
49 silly addNameRange     '0.2.10',
49 silly addNameRange     '0.2.11',
49 silly addNameRange     '0.2.12',
49 silly addNameRange     '0.2.13',
49 silly addNameRange     '0.2.14',
49 silly addNameRange     '0.2.15',
49 silly addNameRange     '0.3.0',
49 silly addNameRange     '0.3.1',
49 silly addNameRange     '0.3.2',
49 silly addNameRange     '0.3.3',
49 silly addNameRange     '0.3.4',
49 silly addNameRange     '0.3.5',
49 silly addNameRange     '0.3.6',
49 silly addNameRange     '0.3.7',
49 silly addNameRange     '0.3.8',
49 silly addNameRange     '0.3.9',
49 silly addNameRange     '0.3.10',
49 silly addNameRange     '0.3.11',
49 silly addNameRange     '0.3.12',
49 silly addNameRange     '0.3.13',
49 silly addNameRange     '0.3.14',
49 silly addNameRange     '0.3.15',
49 silly addNameRange     '0.3.16',
49 silly addNameRange     '0.3.17',
49 silly addNameRange     '0.4.0',
49 silly addNameRange     '0.4.1',
49 silly addNameRange     '0.4.2',
49 silly addNameRange     '0.4.3',
49 silly addNameRange     '0.4.4',
49 silly addNameRange     '0.4.5',
49 silly addNameRange     '1.0.0-rc1',
49 silly addNameRange     '1.0.0',
49 silly addNameRange     '1.0.1',
49 silly addNameRange     '0.3.13-a',
49 silly addNameRange     '0.4.0-a',
49 silly addNameRange     '0.4.0-rc1',
49 silly addNameRange     '0.4.0-rc2',
49 silly addNameRange     '0.4.0-rc3',
49 silly addNameRange     '0.4.0-rc4',
49 silly addNameRange     '0.4.0-rc5',
49 silly addNameRange     '0.4.0-rc6',
49 silly addNameRange     '0.4.0-rc7',
49 silly addNameRange     '0.4.0-rc8' ] ]
50 verbose addNamed [ 'grunt', '1.0.1' ]
51 verbose addNamed [ '1.0.1', '1.0.1' ]
52 silly lockFile 75468da5-grunt-1-0-1 grunt@1.0.1
53 verbose lock grunt@1.0.1 /home/vagrant/.npm/75468da5-grunt-1-0-1.lock
54 silly lockFile 1a9b2b0c--npmjs-org-grunt-grunt-1-0-1-tgz https://registry.npmjs.org/grunt/-/grunt-1.0.1.tgz
55 verbose lock https://registry.npmjs.org/grunt/-/grunt-1.0.1.tgz /home/vagrant/.npm/1a9b2b0c--npmjs-org-grunt-grunt-1-0-1-tgz.lock
56 verbose addRemoteTarball [ 'https://registry.npmjs.org/grunt/-/grunt-1.0.1.tgz',
56 verbose addRemoteTarball   'e8778764e944b18f32bb0f10b9078475c9dfb56b' ]
57 info retry fetch attempt 1 at 09:56:00
58 verbose fetch to= /tmp/npm-7372-qjq3NZKz/registry.npmjs.org/grunt/-/grunt-1.0.1.tgz
59 http GET https://registry.npmjs.org/grunt/-/grunt-1.0.1.tgz
60 http 200 https://registry.npmjs.org/bower
61 silly registry.get cb [ 200,
61 silly registry.get   { server: 'CouchDB/1.5.0 (Erlang OTP/R16B03)',
61 silly registry.get     etag: '"CFBAST7CHJ9HJ6ILJVYWX6WRI"',
61 silly registry.get     'content-type': 'application/json',
61 silly registry.get     'content-encoding': 'gzip',
61 silly registry.get     'cache-control': 'max-age=300',
61 silly registry.get     'content-length': '21015',
61 silly registry.get     'accept-ranges': 'bytes',
61 silly registry.get     date: 'Tue, 08 Nov 2016 09:56:00 GMT',
61 silly registry.get     via: '1.1 varnish',
61 silly registry.get     age: '162',
61 silly registry.get     connection: 'keep-alive',
61 silly registry.get     'x-served-by': 'cache-fra1221-FRA',
61 silly registry.get     'x-cache': 'HIT',
61 silly registry.get     'x-cache-hits': '4',
61 silly registry.get     'x-timer': 'S1478598960.556199,VS0,VE0',
61 silly registry.get     vary: 'Accept-Encoding' } ]
62 silly addNameRange number 2 { name: 'bower', range: '*', hasData: true }
63 silly addNameRange versions [ 'bower',
63 silly addNameRange   [ '0.1.0',
63 silly addNameRange     '0.1.2',
63 silly addNameRange     '0.1.3',
63 silly addNameRange     '0.2.0',
63 silly addNameRange     '0.3.0',
63 silly addNameRange     '0.3.1',
63 silly addNameRange     '0.3.2',
63 silly addNameRange     '0.4.0',
63 silly addNameRange     '0.5.0',
63 silly addNameRange     '0.5.1',
63 silly addNameRange     '0.6.0',
63 silly addNameRange     '0.6.1',
63 silly addNameRange     '0.6.2',
63 silly addNameRange     '0.6.3',
63 silly addNameRange     '0.6.4',
63 silly addNameRange     '0.6.5',
63 silly addNameRange     '0.6.6',
63 silly addNameRange     '0.6.7',
63 silly addNameRange     '0.6.8',
63 silly addNameRange     '0.7.0',
63 silly addNameRange     '0.7.1',
63 silly addNameRange     '0.8.0',
63 silly addNameRange     '0.8.1',
63 silly addNameRange     '0.8.2',
63 silly addNameRange     '0.8.3',
63 silly addNameRange     '0.8.4',
63 silly addNameRange     '0.8.5',
63 silly addNameRange     '0.8.6',
63 silly addNameRange     '0.9.0',
63 silly addNameRange     '0.9.1',
63 silly addNameRange     '0.9.2',
63 silly addNameRange     '0.10.0',
63 silly addNameRange     '1.0.0',
63 silly addNameRange     '1.0.1',
63 silly addNameRange     '1.0.2',
63 silly addNameRange     '1.0.3',
63 silly addNameRange     '1.1.0',
63 silly addNameRange     '1.1.1',
63 silly addNameRange     '1.1.2',
63 silly addNameRange     '1.2.0',
63 silly addNameRange     '1.2.1',
63 silly addNameRange     '1.2.2',
63 silly addNameRange     '1.2.3',
63 silly addNameRange     '1.2.4',
63 silly addNameRange     '1.2.5',
63 silly addNameRange     '1.2.6',
63 silly addNameRange     '1.2.7',
63 silly addNameRange     '1.2.8',
63 silly addNameRange     '1.3.0',
63 silly addNameRange     '1.3.1',
63 silly addNameRange     '1.3.2',
63 silly addNameRange     '1.3.3',
63 silly addNameRange     '1.3.4',
63 silly addNameRange     '1.3.5',
63 silly addNameRange     '1.3.6',
63 silly addNameRange     '1.3.7',
63 silly addNameRange     '1.3.8',
63 silly addNameRange     '1.3.9',
63 silly addNameRange     '1.3.10',
63 silly addNameRange     '1.3.11',
63 silly addNameRange     '1.3.12',
63 silly addNameRange     '1.4.0',
63 silly addNameRange     '1.4.1',
63 silly addNameRange     '1.5.0',
63 silly addNameRange     '1.5.1',
63 silly addNameRange     '1.5.2',
63 silly addNameRange     '1.5.3',
63 silly addNameRange     '1.6.2',
63 silly addNameRange     '1.6.3',
63 silly addNameRange     '1.6.4',
63 silly addNameRange     '1.6.5',
63 silly addNameRange     '1.5.4',
63 silly addNameRange     '1.4.2',
63 silly addNameRange     '1.6.6',
63 silly addNameRange     '1.6.7',
63 silly addNameRange     '1.6.8',
63 silly addNameRange     '1.6.9',
63 silly addNameRange     '1.7.0',
63 silly addNameRange     '1.7.1',
63 silly addNameRange     '1.7.2',
63 silly addNameRange     '1.7.5',
63 silly addNameRange     '1.7.6',
63 silly addNameRange     '1.7.7',
63 silly addNameRange     '1.7.8',
63 silly addNameRange     '1.7.9',
63 silly addNameRange     '1.8.0' ] ]
64 verbose addNamed [ 'bower', '1.8.0' ]
65 verbose addNamed [ '1.8.0', '1.8.0' ]
66 silly lockFile 8d20daf9-bower-1-8-0 bower@1.8.0
67 verbose lock bower@1.8.0 /home/vagrant/.npm/8d20daf9-bower-1-8-0.lock
68 silly lockFile abe5beab--npmjs-org-bower-bower-1-8-0-tgz https://registry.npmjs.org/bower/-/bower-1.8.0.tgz
69 verbose lock https://registry.npmjs.org/bower/-/bower-1.8.0.tgz /home/vagrant/.npm/abe5beab--npmjs-org-bower-bower-1-8-0-tgz.lock
70 verbose addRemoteTarball [ 'https://registry.npmjs.org/bower/-/bower-1.8.0.tgz',
70 verbose addRemoteTarball   '55dbebef0ad9155382d9e9d3e497c1372345b44a' ]
71 info retry fetch attempt 1 at 09:56:00
72 verbose fetch to= /tmp/npm-7372-qjq3NZKz/registry.npmjs.org/bower/-/bower-1.8.0.tgz
73 http GET https://registry.npmjs.org/bower/-/bower-1.8.0.tgz
74 http 200 https://registry.npmjs.org/grunt/-/grunt-1.0.1.tgz
75 http 200 https://registry.npmjs.org/bower/-/bower-1.8.0.tgz
76 silly lockFile 1a9b2b0c--npmjs-org-grunt-grunt-1-0-1-tgz https://registry.npmjs.org/grunt/-/grunt-1.0.1.tgz
77 silly lockFile 1a9b2b0c--npmjs-org-grunt-grunt-1-0-1-tgz https://registry.npmjs.org/grunt/-/grunt-1.0.1.tgz
78 silly lockFile 75468da5-grunt-1-0-1 grunt@1.0.1
79 silly lockFile 75468da5-grunt-1-0-1 grunt@1.0.1
80 silly lockFile 55f1ff24-grunt grunt@
81 silly lockFile 55f1ff24-grunt grunt@
82 silly lockFile abe5beab--npmjs-org-bower-bower-1-8-0-tgz https://registry.npmjs.org/bower/-/bower-1.8.0.tgz
83 silly lockFile abe5beab--npmjs-org-bower-bower-1-8-0-tgz https://registry.npmjs.org/bower/-/bower-1.8.0.tgz
84 silly lockFile 8d20daf9-bower-1-8-0 bower@1.8.0
85 silly lockFile 8d20daf9-bower-1-8-0 bower@1.8.0
86 silly lockFile 1240aab1-bower bower@
87 silly lockFile 1240aab1-bower bower@
88 silly resolved [ { name: 'grunt',
88 silly resolved     description: 'The JavaScript Task Runner',
88 silly resolved     version: '1.0.1',
88 silly resolved     author:
88 silly resolved      { name: 'Grunt Development Team',
88 silly resolved        url: 'http://gruntjs.com/development-team' },
88 silly resolved     homepage: 'http://gruntjs.com/',
88 silly resolved     repository: { type: 'git', url: 'git+https://github.com/gruntjs/grunt.git' },
88 silly resolved     license: 'MIT',
88 silly resolved     engines: { node: '>=0.10.0' },
88 silly resolved     scripts: { test: 'grunt test', 'test-tap': 'grunt test:tap' },
88 silly resolved     main: 'lib/grunt',
88 silly resolved     bin: { grunt: 'bin/grunt' },
88 silly resolved     keywords:
88 silly resolved      [ 'task',
88 silly resolved        'async',
88 silly resolved        'cli',
88 silly resolved        'minify',
88 silly resolved        'uglify',
88 silly resolved        'build',
88 silly resolved        'lodash',
88 silly resolved        'unit',
88 silly resolved        'test',
88 silly resolved        'qunit',
88 silly resolved        'nodeunit',
88 silly resolved        'server',
88 silly resolved        'init',
88 silly resolved        'scaffold',
88 silly resolved        'make',
88 silly resolved        'jake',
88 silly resolved        'tool' ],
88 silly resolved     dependencies:
88 silly resolved      { 'coffee-script': '~1.10.0',
88 silly resolved        dateformat: '~1.0.12',
88 silly resolved        eventemitter2: '~0.4.13',
88 silly resolved        exit: '~0.1.1',
88 silly resolved        'findup-sync': '~0.3.0',
88 silly resolved        glob: '~7.0.0',
88 silly resolved        'grunt-cli': '~1.2.0',
88 silly resolved        'grunt-known-options': '~1.1.0',
88 silly resolved        'grunt-legacy-log': '~1.0.0',
88 silly resolved        'grunt-legacy-util': '~1.0.0',
88 silly resolved        'iconv-lite': '~0.4.13',
88 silly resolved        'js-yaml': '~3.5.2',
88 silly resolved        minimatch: '~3.0.0',
88 silly resolved        nopt: '~3.0.6',
88 silly resolved        'path-is-absolute': '~1.0.0',
88 silly resolved        rimraf: '~2.2.8' },
88 silly resolved     devDependencies:
88 silly resolved      { difflet: '~0.2.3',
88 silly resolved        'grunt-contrib-jshint': '~1.0.0',
88 silly resolved        'grunt-contrib-nodeunit': '~0.4.1',
88 silly resolved        'grunt-contrib-watch': '~1.0.0',
88 silly resolved        'grunt-jscs': '~2.8.0',
88 silly resolved        semver: '2.1.0',
88 silly resolved        shelljs: '~0.5.3',
88 silly resolved        temporary: '~0.0.4',
88 silly resolved        through2: '~2.0.0' },
88 silly resolved     files: [ 'lib', 'bin' ],
88 silly resolved     contributors: [ [Object], [Object], [Object], [Object], [Object] ],
88 silly resolved     gitHead: '8ada4948b69c6ec9b1e956b5e6b2e6814fa054ca',
88 silly resolved     bugs: { url: 'https://github.com/gruntjs/grunt/issues' },
88 silly resolved     _id: 'grunt@1.0.1',
88 silly resolved     _shasum: 'e8778764e944b18f32bb0f10b9078475c9dfb56b',
88 silly resolved     _from: 'grunt@',
88 silly resolved     _npmVersion: '2.15.2',
88 silly resolved     _nodeVersion: '4.4.1',
88 silly resolved     _npmUser: { name: 'shama', email: 'kyle@dontkry.com' },
88 silly resolved     maintainers: [ [Object], [Object], [Object], [Object] ],
88 silly resolved     dist:
88 silly resolved      { shasum: 'e8778764e944b18f32bb0f10b9078475c9dfb56b',
88 silly resolved        tarball: 'https://registry.npmjs.org/grunt/-/grunt-1.0.1.tgz' },
88 silly resolved     _npmOperationalInternal:
88 silly resolved      { host: 'packages-12-west.internal.npmjs.com',
88 silly resolved        tmp: 'tmp/grunt-1.0.1.tgz_1459880209209_0.8634267684537917' },
88 silly resolved     directories: {},
88 silly resolved     _resolved: 'https://registry.npmjs.org/grunt/-/grunt-1.0.1.tgz' },
88 silly resolved   { name: 'bower',
88 silly resolved     version: '1.8.0',
88 silly resolved     description: 'The browser package manager',
88 silly resolved     author: { name: 'Twitter' },
88 silly resolved     license: 'MIT',
88 silly resolved     repository: { type: 'git', url: 'git+https://github.com/bower/bower.git' },
88 silly resolved     main: 'lib',
88 silly resolved     bin: { bower: 'bin/bower' },
88 silly resolved     homepage: 'http://bower.io',
88 silly resolved     engines: { node: '>=0.10.0' },
88 silly resolved     keywords: [ 'bower' ],
88 silly resolved     files: [ 'bin', 'lib' ],
88 silly resolved     bugs: { url: 'https://github.com/bower/bower/issues' },
88 silly resolved     _id: 'bower@1.8.0',
88 silly resolved     scripts: {},
88 silly resolved     _shasum: '55dbebef0ad9155382d9e9d3e497c1372345b44a',
88 silly resolved     _from: 'bower@',
88 silly resolved     _npmVersion: '3.10.9',
88 silly resolved     _nodeVersion: '4.4.6',
88 silly resolved     _npmUser: { name: 'sheerun', email: 'sheerun@sher.pl' },
88 silly resolved     dist:
88 silly resolved      { shasum: '55dbebef0ad9155382d9e9d3e497c1372345b44a',
88 silly resolved        tarball: 'https://registry.npmjs.org/bower/-/bower-1.8.0.tgz' },
88 silly resolved     maintainers:
88 silly resolved      [ [Object],
88 silly resolved        [Object],
88 silly resolved        [Object],
88 silly resolved        [Object],
88 silly resolved        [Object],
88 silly resolved        [Object],
88 silly resolved        [Object] ],
88 silly resolved     _npmOperationalInternal:
88 silly resolved      { host: 'packages-18-east.internal.npmjs.com',
88 silly resolved        tmp: 'tmp/bower-1.8.0.tgz_1478512918020_0.7136248126626015' },
88 silly resolved     directories: {},
88 silly resolved     _resolved: 'https://registry.npmjs.org/bower/-/bower-1.8.0.tgz' } ]
89 info install grunt@1.0.1 into /usr/lib
90 info install bower@1.8.0 into /usr/lib
91 info installOne grunt@1.0.1
92 info installOne bower@1.8.0
93 verbose lib/node_modules/grunt unbuild
94 verbose lib/node_modules/bower unbuild
95 verbose tar unpack /home/vagrant/.npm/grunt/1.0.1/package.tgz
96 silly lockFile 8cad6651-tar-usr-lib-node-modules-grunt tar:///usr/lib/node_modules/grunt
97 verbose lock tar:///usr/lib/node_modules/grunt /home/vagrant/.npm/8cad6651-tar-usr-lib-node-modules-grunt.lock
98 silly lockFile 8954a51a-rant-npm-grunt-1-0-1-package-tgz tar:///home/vagrant/.npm/grunt/1.0.1/package.tgz
99 verbose lock tar:///home/vagrant/.npm/grunt/1.0.1/package.tgz /home/vagrant/.npm/8954a51a-rant-npm-grunt-1-0-1-package-tgz.lock
100 verbose tar unpack /home/vagrant/.npm/bower/1.8.0/package.tgz
101 silly lockFile 6f53a3f9-tar-usr-lib-node-modules-bower tar:///usr/lib/node_modules/bower
102 verbose lock tar:///usr/lib/node_modules/bower /home/vagrant/.npm/6f53a3f9-tar-usr-lib-node-modules-bower.lock
103 silly lockFile 163ea877-rant-npm-bower-1-8-0-package-tgz tar:///home/vagrant/.npm/bower/1.8.0/package.tgz
104 verbose lock tar:///home/vagrant/.npm/bower/1.8.0/package.tgz /home/vagrant/.npm/163ea877-rant-npm-bower-1-8-0-package-tgz.lock
105 silly gunzTarPerm modes [ '775', '664' ]
106 silly gunzTarPerm modes [ '775', '664' ]
107 error Error: EACCES, mkdir '/usr/lib/node_modules/grunt'
107 error  { [Error: EACCES, mkdir '/usr/lib/node_modules/grunt']
107 error   errno: 3,
107 error   code: 'EACCES',
107 error   path: '/usr/lib/node_modules/grunt',
107 error   fstream_type: 'Directory',
107 error   fstream_path: '/usr/lib/node_modules/grunt',
107 error   fstream_class: 'DirWriter',
107 error   fstream_stack:
107 error    [ '/usr/lib/node_modules/npm/node_modules/fstream/lib/dir-writer.js:36:23',
107 error      '/usr/lib/node_modules/npm/node_modules/mkdirp/index.js:46:53',
107 error      'Object.oncomplete (fs.js:108:15)' ] }
108 error Please try running this command again as root/Administrator.
109 error System Linux 3.2.0-23-generic
110 error command "/usr/bin/node" "/usr/bin/npm" "install" "-g" "grunt" "bower"
111 error cwd /edx/app/edxapp/edx-platform/themes/hms/lms
112 error node -v v0.10.37
113 error npm -v 1.4.28
114 error path /usr/lib/node_modules/grunt
115 error fstream_path /usr/lib/node_modules/grunt
116 error fstream_type Directory
117 error fstream_class DirWriter
118 error code EACCES
119 error errno 3
120 error stack Error: EACCES, mkdir '/usr/lib/node_modules/grunt'
121 error fstream_stack /usr/lib/node_modules/npm/node_modules/fstream/lib/dir-writer.js:36:23
121 error fstream_stack /usr/lib/node_modules/npm/node_modules/mkdirp/index.js:46:53
121 error fstream_stack Object.oncomplete (fs.js:108:15)
122 verbose exit [ 3, true ]
